[13:43:54-629]feed
[13:43:54-629]device:9100334 csq:0 net:1 server:1, relay:1
[13:43:54-847]Rw:  len=8, data=02 03 00 14 00 04 04 3e 
[13:43:55-129]Rr:  len=1, data=feed
[13:43:55-629]feed
[13:43:55-629]device:9100334 csq:0 net:1 server:1, relay:1
[13:43:55-644]now: 2023-01-13 13:43:52
[13:43:55-847]Update model <PH-201>
[13:43:56-129]feed
[13:43:56-629]feed
[13:43:56-644]device:9100334 csq:0 net:1 server:1, relay:1
[13:43:56-847]indicators_values[1].sensor = NULL
[13:43:56-847]indicators_values[2].sensor = NULL
[13:43:56-847]air blow: err: 1, rst: 1, status: -2
[13:43:56-863]Rw:  len=8, data=fb 03 00 00 00 0a d1 97 
[13:43:57-144]Rr:  len=1, data=feed
[13:43:57-394]CSQ: 6
[13:43:57-644]feed
[13:43:57-644]device:9100334 csq:6 net:1 server:1, relay:1
[13:43:58-144]feed
[13:43:58-582]Pr:  len=13, data=00 8a dc 2e 16 40 00 01 0b 00 00 01 06 
[13:43:58-582]Pr:  len=6, data=01 20 00 01 00 14 
[13:43:58-582]Pr:  len=2, data=52 2c 
[13:43:58-598]eeprom write: 1578 page
[13:43:58-598]01 01 01 17 01 0d 0d 2b 37 17 01 0d 0e 03 37 00 00 00 00 00 00 00 00 00 00 00 00 00 00 00 b9 72 
[13:43:58-613]Pw:  len=15, data=00 8a dc 2e 16 40 00 01 0b d0 00 01 00 91 91 
[13:43:58-613]
[13:43:58-644]feed
[13:43:58-644]device:9100334 csq:6 net:1 server:1, relay:1
[13:43:58-644]now: 2023-01-13 13:43:55
[13:43:58-644]set_ch <3> = ON
[13:43:58-660]<USend>:
[13:43:58-660]id = 0c501101, dlc = 7
[13:43:58-660]03 01 03 00 00 00 00 
[13:43:58-676]<Recv>:
[13:43:58-676]id = 18e80111, dlc = 4
[13:43:58-676]50 00 00 00 
[13:43:58-676]dev_respon:PGN=5000,status=0
[13:43:58-879]air blow: err: 2, rst: 1, status: -2
[13:43:58-879]Rw:  len=8, data=fb 03 00 00 00 0a d1 97 
[13:43:58-973]Rr:  len=1, data=<Recv>:
[13:43:58-973]id = 18f51111, dlc = 6
[13:43:58-973]01 00 02 00 00 00 
[13:43:58-973]dev_relay:ch=1, os=0, ks=2, err=0, cur=0(mA)
[13:43:58-973]<Recv>:
[13:43:58-988]id = 18f51111, dlc = 6
[13:43:58-988]02 00 02 00 00 00 
[13:43:58-988]dev_relay:ch=2, os=0, ks=2, err=0, cur=0(mA)
[13:43:58-988]<Recv>:
[13:43:58-988]id = 18f51111, dlc = 6
[13:43:59-004]03 00 02 00 00 00 
[13:43:59-004]dev_relay:ch=3, os=0, ks=2, err=0, cur=0(mA)
[13:43:59-004]<Recv>:
[13:43:59-019]id = 18f51111, dlc = 6
[13:43:59-019]04 00 02 00 01 00 
[13:43:59-019]fev_relay:ch=4, os=0, ks=2, err=0, cur=10(mA)
[13:43:59-019]<Recv>:
[13:43:59-019]id = 18f51111, dlc = 6
[13:43:59-019]05 00 02 00 01 00 
[13:43:59-035]dev_relay:ch=5, os=0, ks=2, err=0, cur=10(mA)
[13:43:59-144]feed
[13:43:59-207]<Recv>:
[13:43:59-207]id = 18f51111, dlc = 6
[13:43:59-207]01 00 02 00 00 00 
[13:43:59-207]dev_relay:ch=1, os=0, ks=2, err=0, cur=0(mA)
[13:43:59-207]<Recv>:
[13:43:59-222]id = 18f51111, dlc = 6
[13:43:59-222]02 00 02 00 00 00 
[13:43:59-238]dev_relay:ch=2, os=0, ks=2, err=0, cur=0(mA)
[13:43:59-238]<Recv>:
[13:43:59-238]id = 18f51111, dlc = 6
[13:43:59-238]03 01 02 00 00 00 
[13:43:59-238]dev_relay:ch=3, os=1, ks=2, err=0, cur=0(mA)
[13:43:59-238]<Recv>:
[13:43:59-238]id = 18f51111, dlc = 6
[13:43:59-238]04 00 02 00 01 00 
[13:43:59-254]dev_relay:ch=4, os=0, ks=2, err=0, cur=10(mA)
[13:43:59-254]<Recv>:
[13:43:59-254]id = 18f51111, dlc = 6
[13:43:59-254]05 00 02 00 01 00 
[13:43:59-254]dev_relay:ch=5, os=0, ks=2, err=0, cur=10(mA)
[13:43:59-644]feed
[13:43:59-644]device:9100334 csq:6 net:1 server:1, relay:1
[13:43:59-738]<Recv>:
[13:43:59-738]id = 18f51111, dlc = 6
[13:43:59-738]01 00 02 00 00 00 
[13:43:59-738]dev_relay:ch=1, os=0, ks=2, err=0, cur=0(mA)
[13:43:59-738]<Recv>:
[13:43:59-738]id = 18f51111, dlc = 6
[13:43:59-754]02 00 02 00 00 00 
[13:43:59-754]dev_relay:ch=2, os=0, ks=2, err=0, cur=0(mA)
[13:43:59-754]<Recv>:
[13:43:59-769]id = 18f51111, dlc = 6
[13:43:59-769]03 01 02 00 31 02 
[13:43:59-769]dev_relay:ch=3, os=1, ks=2, err=0, cur=5610(mA)
[13:43:59-769]<Recv>:
[13:43:59-769]id = 18f51111, dlc = 6
[13:43:59-769]04 00 02 00 02 00 
[13:43:59-785]dev_relay:ch=4, os=0, ks=2, err=0, cur=20(mA)
[13:43:59-785]<Recv>:
[13:43:59-785]id = 18f51111, dlc = 6
[13:43:59-785]05 00 02 00 01 00 
[13:43:59-785]dev_relay:ch=5, os=0, ks=2, err=0, cur=10(mA)
[13:44:00-144]feed
[13:44:00-644]feed
[13:44:00-660]device:9100334 csq:6 net:1 server:1, relay:1
[13:44:00-894]air blow: err: 3, rst: 1, status: -2
[13:44:00-910]Rw:  len=8, data=fb 03 00 00 00 0a d1 97 
[13:44:01-160]Rr:  len=1, data=feed
[13:44:01-660]feed
[13:44:01-660]device:9100334 csq:6 net:1 server:1, relay:1
[13:44:01-754]now: 2023-01-13 13:43:58
[13:44:01-754]relay_output_status ON
[13:44:02-160]feed
[13:44:02-660]feed
[13:44:02-660]device:9100334 csq:6 net:1 server:1, relay:1
[13:44:02-910]air blow: err: 4, rst: 1, status: -2
[13:44:02-926]Rw:  len=8, data=fb 03 00 00 00 0a d1 97 
[13:44:03-160]Rr:  len=1, data=feed
[13:44:03-660]feed
[13:44:03-660]device:9100334 csq:6 net:1 server:1, relay:1
[13:44:04-160]feed
[13:44:04-676]feed
[13:44:04-676]device:9100334 csq:6 net:1 server:1, relay:1
[13:44:04-769]now: 2023-01-13 13:44:01
[13:44:04-941]air blow: err: 5, rst: 1, status: -2
[13:44:04-941]Rw:  len=8, data=fb 03 00 00 00 0a d1 97 
[13:44:05-176]Rr:  len=1, data=feed
[13:44:05-676]feed
[13:44:05-676]device:9100334 csq:6 net:1 server:1, relay:1
[13:44:06-176]feed
[13:44:06-676]feed
[13:44:06-676]device:9100334 csq:6 net:1 server:1, relay:1
[13:44:06-957]air blow: err: 6, rst: 1, status: -2
[13:44:06-957]Rw:  len=8, data=fb 03 00 00 00 0a d1 97 
[13:44:07-176]Rr:  len=1, data=feed
[13:44:07-676]feed
[13:44:07-691]device:9100334 csq:6 net:1 server:1, relay:1
[13:44:07-769]now: 2023-01-13 13:44:04
[13:44:08-176]feed
[13:44:08-691]feed
[13:44:08-691]device:9100334 csq:6 net:1 server:1, relay:1
[13:44:08-973]air blow: err: 7, rst: 1, status: -2
[13:44:08-973]Rw:  len=8, data=fb 03 00 00 00 0a d1 97 
[13:44:09-191]Rr:  len=1, data=feed
[13:44:09-691]feed
[13:44:09-691]device:9100334 csq:6 net:1 server:1, relay:1
[13:44:10-191]feed
[13:44:10-238]CSQ: 6
[13:44:10-691]feed
[13:44:10-691]device:9100334 csq:6 net:1 server:1, relay:1
[13:44:10-769]now: 2023-01-13 13:44:07
[13:44:10-988]air blow: err: 8, rst: 1, status: -2
[13:44:10-988]Rw:  len=8, data=fb 03 00 00 00 0a d1 97 
[13:44:11-191]Rr:  len=1, data=feed
[13:44:11-691]feed
[13:44:11-707]device:9100334 csq:6 net:1 server:1, relay:1
[13:44:12-207]feed
[13:44:12-707]feed
[13:44:12-707]device:9100334 csq:6 net:1 server:1, relay:1
[13:44:13-004]air blow: err: 9, rst: 1, status: -2
[13:44:13-004]Rw:  len=8, data=fb 03 00 00 00 0a d1 97 
[13:44:13-207]Rr:  len=1, data=feed
[13:44:13-707]feed
[13:44:13-707]device:9100334 csq:6 net:1 server:1, relay:1
[13:44:13-770]now: 2023-01-13 13:44:10
[13:44:14-207]feed
[13:44:14-707]feed
[13:44:14-707]device:9100334 csq:6 net:1 server:1, relay:1
[13:44:15-207]feed
[13:44:15-707]feed
[13:44:15-723]device:9100334 csq:6 net:1 server:1, relay:1
[13:44:16-223]feed
[13:44:16-270]<Recv>:
[13:44:16-270]id = 18f51111, dlc = 6
[13:44:16-270]01 00 02 00 00 00 
[13:44:16-285]dev_relay:ch=1, os=0, ks=2, err=0, cur=0(mA)
[13:44:16-285]<Recv>:
[13:44:16-285]id = 18f51111, dlc = 6
[13:44:16-285]02 00 02 00 00 00 
[13:44:16-285]dev_relay:ch=2, os=0, ks=2, err=0, cur=0(mA)
[13:44:16-285]<Recv>:
[13:44:16-301]id = 18f51111, dlc = 6
[13:44:16-301]03 01 01 00 19 01 
[13:44:16-301]dev_relay:ch=3, os=1, ks=1, err=0, cur=2810(mA)
[13:44:16-301]<Recv>:
[13:44:16-301]id = 18f51111, dlc = 6
[13:44:16-301]04 00 02 00 03 00 
[13:44:16-316]dev_relay:ch=4, os=0, ks=2, err=0, cur=30(mA)
[13:44:16-316]<Recv>:
[13:44:16-316]id = 18f51111, dlc = 6
[13:44:16-316]05 00 02 00 01 00 
[13:44:16-316]dev_relay:ch=5, os=0, ks=2, err=0, cur=10(mA)
[13:44:16-723]feed
[13:44:16-723]device:9100334 csq:6 net:1 server:1, relay:1
[13:44:16-770]now: 2023-01-13 13:44:13
[13:44:16-770]key<3> press
[13:44:17-223]feed
[13:44:17-723]feed
[13:44:17-723]device:9100334 csq:6 net:1 server:1, relay:1
[13:44:18-223]feed
[13:44:18-723]feed
[13:44:18-723]device:9100334 csq:6 net:1 server:1, relay:1
[13:44:19-223]feed
[13:44:19-723]feed
[13:44:19-738]device:9100334 csq:6 net:1 server:1, relay:1
[13:44:19-770]now: 2023-01-13 13:44:16
[13:44:20-020]air blow: err: 0, rst: 2, status: -1
[13:44:20-020]Rw:  len=8, data=fb 03 00 00 00 0a d1 97 
[13:44:20-238]Rr:  len=1, data=feed
[13:44:20-738]feed
[13:44:20-738]device:9100334 csq:6 net:1 server:1, relay:1
[13:44:21-238]feed
[13:44:21-738]feed
[13:44:21-738]device:9100334 csq:6 net:1 server:1, relay:1
[13:44:21-801]<Recv>:
[13:44:21-801]id = 18f61111, dlc = 7
[13:44:21-801]04 3e 08 52 08 52 08 
[13:44:21-816]power in:cfg=4, VA=211(V), VB=213(V), VC=213(V)
[13:44:22-035]air blow: err: 1, rst: 2, status: -2
[13:44:22-035]Rw:  len=8, data=fb 03 00 00 00 0a d1 97 
[13:44:22-238]Rr:  len=1, data=feed
[13:44:22-738]feed
[13:44:22-738]device:9100334 csq:6 net:1 server:1, relay:1
[13:44:22-770]now: 2023-01-13 13:44:19
[13:44:23-238]feed
[13:44:23-301]CSQ: 6
[13:44:23-738]feed
[13:44:23-754]device:9100334 csq:6 net:1 server:1, relay:1
[13:44:24-051]air blow: err: 2, rst: 2, status: -2
[13:44:24-051]Rw:  len=8, data=fb 03 00 00 00 0a d1 97 
[13:44:24-254]Rr:  len=1, data=feed
[13:44:24-754]feed
[13:44:24-754]device:9100334 csq:6 net:1 server:1, relay:1
[13:44:25-254]feed
[13:44:25-754]feed
[13:44:25-754]device:9100334 csq:6 net:1 server:1, relay:1
[13:44:25-785]now: 2023-01-13 13:44:22
[13:44:26-066]air blow: err: 3, rst: 2, status: -2
[13:44:26-066]Rw:  len=8, data=fb 03 00 00 00 0a d1 97 
[13:44:26-254]Rr:  len=1, data=feed
[13:44:26-754]feed
[13:44:26-754]device:9100334 csq:6 net:1 server:1, relay:1
[13:44:27-254]feed
[13:44:27-754]feed
[13:44:27-770]device:9100334 csq:6 net:1 server:1, relay:1
[13:44:28-082]air blow: err: 4, rst: 2, status: -2
[13:44:28-098]Rw:  len=8, data=fb 03 00 00 00 0a d1 97 
[13:44:28-270]Rr:  len=1, data=feed
[13:44:28-770]feed
[13:44:28-770]device:9100334 csq:6 net:1 server:1, relay:1
[13:44:28-785]now: 2023-01-13 13:44:25
[13:44:29-270]feed
[13:44:29-770]feed
[13:44:29-770]device:9100334 csq:6 net:1 server:1, relay:1
[13:44:30-113]air blow: err: 5, rst: 2, status: -2
[13:44:30-113]Rw:  len=8, data=fb 03 00 00 00 0a d1 97 
[13:44:30-270]Rr:  len=1, data=feed
[13:44:30-770]feed
[13:44:30-770]device:9100334 csq:6 net:1 server:1, relay:1
[13:44:31-270]feed
[13:44:31-317]Pr:  len=13, data=00 8a dc 2e 16 40 00 02 0b 00 00 01 06 
[13:44:31-317]Pr:  len=6, data=01 20 00 00 00 14 
[13:44:31-317]Pr:  len=2, data=07 e8 
[13:44:31-332]eeprom write: 1578 page
[13:44:31-332]01 01 00 17 01 0d 0d 2c 1c 17 01 0d 0e 04 1c 00 00 00 00 00 00 00 00 00 00 00 00 00 00 00 e8 93 
[13:44:31-348]Pw:  len=15, data=00 8a dc 2e 16 40 00 02 0b d0 00 01 00 91 a2 
[13:44:31-348]
[13:44:31-785]feed
[13:44:31-785]device:9100334 csq:6 net:1 server:1, relay:1
[13:44:31-785]now: 2023-01-13 13:44:28
[13:44:32-129]air blow: err: 6, rst: 2, status: -2
[13:44:32-129]Rw:  len=8, data=fb 03 00 00 00 0a d1 97 
[13:44:32-285]Rr:  len=1, data=feed
[13:44:32-785]feed
[13:44:32-785]device:9100334 csq:6 net:1 server:1, relay:1
[13:44:33-285]feed
[13:44:33-785]feed
[13:44:33-785]device:9100334 csq:6 net:1 server:1, relay:1
[13:44:34-145]air blow: err: 7, rst: 2, status: -2
[13:44:34-145]Rw:  len=8, data=fb 03 00 00 00 0a d1 97 
[13:44:34-285]Rr:  len=1, data=feed
[13:44:34-785]feed
[13:44:34-785]device:9100334 csq:6 net:1 server:1, relay:1
[13:44:34-801]now: 2023-01-13 13:44:31
[13:44:35-285]feed
[13:44:35-801]feed
[13:44:35-801]device:9100334 csq:6 net:1 server:1, relay:1
[13:44:36-160]air blow: err: 8, rst: 2, status: -2
[13:44:36-160]Rw:  len=8, data=fb 03 00 00 00 0a d1 97 
[13:44:36-301]Rr:  len=1, data=feed
[13:44:36-426]CSQ: 6
[13:44:36-801]feed
[13:44:36-801]device:9100334 csq:6 net:1 server:1, relay:1
[13:44:37-301]feed
[13:44:37-801]feed
[13:44:37-801]device:9100334 csq:6 net:1 server:1, relay:1
[13:44:37-801]now: 2023-01-13 13:44:34
[13:44:38-176]air blow: err: 9, rst: 2, status: -2
[13:44:38-176]Rw:  len=8, data=fb 03 00 00 00 0a d1 97 
[13:44:38-301]Rr:  len=1, data=feed
[13:44:38-801]feed
[13:44:38-817]device:9100334 csq:6 net:1 server:1, relay:1
[13:44:39-301]feed
[13:44:39-301]<Recv>:
[13:44:39-301]id = 18f51111, dlc = 6
[13:44:39-301]01 00 02 00 00 00 
[13:44:39-317]dev_relay:ch=1, os=0, ks=2, err=0, cur=0(mA)
[13:44:39-317]<Recv>:
[13:44:39-317]id = 18f51111, dlc = 6
[13:44:39-317]02 00 02 00 00 00 
[13:44:39-332]dev_relay:ch=2, os=0, ks=2, err=0, cur=0(mA)
[13:44:39-332]<Recv>:
[13:44:39-332]id = 18f51111, dlc = 6
[13:44:39-332]03 01 02 00 1a 01 
[13:44:39-332]dev_relay:ch=3, os=1, ks=2, err=0, cur=2820(mA)
[13:44:39-332]<Recv>:
[13:44:39-332]id = 18f51111, dlc = 6
[13:44:39-348]04 00 02 00 03 00 
[13:44:39-348]dev_relay:ch=4, os=0, ks=2, err=0, cur=30(mA)
[13:44:39-348]<Recv>:
[13:44:39-348]id = 18f51111, dlc = 6
[13:44:39-348]05 00 02 00 01 00 
[13:44:39-348]dev_relay:ch=5, os=0, ks=2, err=0, cur=10(mA)
[13:44:39-801]feed
[13:44:39-801]device:9100334 csq:6 net:1 server:1, relay:1
[13:44:39-801]key<3> release
[13:44:39-801]set_ch <3> = OFF
[13:44:39-817]<USend>:
[13:44:39-817]id = 0c501101, dlc = 7
[13:44:39-817]03 00 03 00 00 00 00 
[13:44:39-832]<Recv>:
[13:44:39-832]id = 18e80111, dlc = 4
[13:44:39-832]50 00 00 00 
[13:44:39-848]dev_respon:PGN=5000,status=0
[13:44:40-035]<Recv>:
[13:44:40-035]id = 18f51111, dlc = 6
[13:44:40-051]01 00 02 00 00 00 
[13:44:40-051]dev_relay:ch=1, os=0, ks=2, err=0, cur=0(mA)
[13:44:40-051]<Recv>:
[13:44:40-051]id = 18f51111, dlc = 6
[13:44:40-051]02 00 02 00 00 00 
[13:44:40-067]dev_relay:ch=2, os=0, ks=2, err=0, cur=0(mA)
[13:44:40-067]<Recv>:
[13:44:40-067]id = 18f51111, dlc = 6
[13:44:40-067]03 00 02 00 1a 01 
[13:44:40-067]dev_relay:ch=3, os=0, ks=2, err=0, cur=2820(mA)
[13:44:40-067]<Recv>:
[13:44:40-067]id = 18f51111, dlc = 6
[13:44:40-067]04 00 02 00 03 00 
[13:44:40-082]dev_relay:ch=4, os=0, ks=2, err=0, cur=30(mA)
[13:44:40-082]<Recv>:
[13:44:40-082]id = 18f51111, dlc = 6
[13:44:40-082]05 00 02 00 01 00 
[13:44:40-082]dev_relay:ch=5, os=0, ks=2, err=0, cur=10(mA)
[13:44:40-317]feed
[13:44:40-817]feed
[13:44:40-817]device:9100334 csq:6 net:1 server:1, relay:1
[13:44:41-067]<Recv>:
[13:44:41-067]id = 18f51111, dlc = 6
[13:44:41-067]01 00 02 00 00 00 
[13:44:41-082]dev_relay:ch=1, os=0, ks=2, err=0, cur=0(mA)
[13:44:41-082]<Recv>:
[13:44:41-082]id = 18f51111, dlc = 6
[13:44:41-082]02 00 02 00 00 00 
[13:44:41-082]dev_relay:ch=2, os=0, ks=2, err=0, cur=0(mA)
[13:44:41-082]<Recv>:
[13:44:41-082]id = 18f51111, dlc = 6
[13:44:41-082]03 00 02 00 00 00 
[13:44:41-098]dev_relay:ch=3, os=0, ks=2, err=0, cur=0(mA)
[13:44:41-098]<Recv>:
[13:44:41-098]id = 18f51111, dlc = 6
[13:44:41-098]04 00 02 00 01 00 
[13:44:41-098]dev_relay:ch=4, os=0, ks=2, err=0, cur=10(mA)
[13:44:41-098]<Recv>:
[13:44:41-098]id = 18f51111, dlc = 6
[13:44:41-113]05 00 02 00 01 00 
[13:44:41-113]dev_relay:ch=5, os=0, ks=2, err=0, cur=10(mA)
[13:44:41-317]feed
[13:44:41-817]feed
[13:44:41-817]device:9100334 csq:6 net:1 server:1, relay:1
[13:44:42-317]feed
[13:44:42-817]feed
[13:44:42-832]device:9100334 csq:6 net:1 server:1, relay:1
[13:44:42-926]now: 2023-01-13 13:44:39
[13:44:42-926]relay_output_status OFF
[13:44:43-332]feed
[13:44:43-832]feed
[13:44:43-832]device:9100334 csq:6 net:1 server:1, relay:1
[13:44:44-332]feed
[13:44:44-832]feed
[13:44:44-832]device:9100334 csq:6 net:1 server:1, relay:1
[13:44:45-192]air blow: err: 0, rst: 3, status: -1
[13:44:45-192]Rw:  len=8, data=fb 03 00 00 00 0a d1 97 
[13:44:45-332]Rr:  len=1, data=feed
[13:44:45-832]feed
[13:44:45-832]device:9100334 csq:6 net:1 server:1, relay:1
[13:44:45-926]now: 2023-01-13 13:44:42
[13:44:46-332]feed
[13:44:46-832]feed
[13:44:46-848]device:9100334 csq:6 net:1 server:1, relay:1
[13:44:47-207]air blow: err: 1, rst: 3, status: -2
[13:44:47-207]Rw:  len=8, data=fb 03 00 00 00 0a d1 97 
[13:44:47-348]Rr:  len=1, data=feed
[13:44:47-848]feed
[13:44:47-848]device:9100334 csq:6 net:1 server:1, relay:1
[13:44:48-348]feed
[13:44:48-848]feed
[13:44:48-848]device:9100334 csq:6 net:1 server:1, relay:1
[13:44:48-926]now: 2023-01-13 13:44:45
[13:44:49-223]air blow: err: 2, rst: 3, status: -2
[13:44:49-223]Rw:  len=8, data=fb 03 00 00 00 0a d1 97 
[13:44:49-239]Rr:  len=1, data=CSQ: 6
[13:44:49-348]feed
[13:44:49-848]feed
[13:44:49-848]device:9100334 csq:6 net:1 server:1, relay:1
[13:44:50-348]feed
[13:44:50-848]feed
[13:44:50-864]device:9100334 csq:6 net:1 server:1, relay:1
[13:44:51-239]air blow: err: 3, rst: 3, status: -2
[13:44:51-239]Rw:  len=8, data=fb 03 00 00 00 0a d1 97 
[13:44:51-364]Rr:  len=1, data=feed
[13:44:51-864]feed
[13:44:51-864]device:9100334 csq:6 net:1 server:1, relay:1
[13:44:51-926]now: 2023-01-13 13:44:48
[13:44:52-082]<Recv>:
[13:44:52-082]id = 18f61111, dlc = 7
[13:44:52-082]04 3e 08 52 08 52 08 
[13:44:52-098]power in:cfg=4, VA=211(V), VB=213(V), VC=213(V)
[13:44:52-364]feed
[13:44:52-864]feed
[13:44:52-864]device:9100334 csq:6 net:1 server:1, relay:1
[13:44:53-254]air blow: err: 4, rst: 3, status: -2
[13:44:53-270]Rw:  len=8, data=fb 03 00 00 00 0a d1 97 
[13:44:53-364]Rr:  len=1, data=feed
[13:44:53-864]feed
[13:44:53-864]device:9100334 csq:6 net:1 server:1, relay:1
[13:44:54-364]feed
[13:44:54-864]feed
[13:44:54-879]device:9100334 csq:6 net:1 server:1, relay:1
[13:44:54-942]now: 2023-01-13 13:44:51
[13:44:55-270]air blow: err: 5, rst: 3, status: -2
[13:44:55-286]Rw:  len=8, data=fb 03 00 00 00 0a d1 97 
[13:44:55-379]Rr:  len=1, data=feed
[13:44:55-879]feed
[13:44:55-879]device:9100334 csq:6 net:1 server:1, relay:1
[13:44:56-379]feed
[13:44:56-879]feed
[13:44:56-879]device:9100334 csq:6 net:1 server:1, relay:1
[13:44:57-301]air blow: err: 6, rst: 3, status: -2
[13:44:57-301]Rw:  len=8, data=fb 03 00 00 00 0a d1 97 
[13:44:57-379]Rr:  len=1, data=feed
[13:44:57-879]feed
[13:44:57-879]device:9100334 csq:6 net:1 server:1, relay:1
[13:44:57-942]now: 2023-01-13 13:44:54
[13:44:58-379]feed
[13:44:58-895]feed
[13:44:58-895]device:9100334 csq:6 net:1 server:1, relay:1
[13:44:59-317]air blow: err: 7, rst: 3, status: -2
[13:44:59-317]Rw:  len=8, data=fb 03 00 00 00 0a d1 97 
[13:44:59-395]Rr:  len=1, data=feed
