Load "f:\\workSpace\\project\\code\\Y-520_main_control\\Y-520_main_control_boot\\MDK-ARM\\Y-520_main_control_boot\\Y-520_main_control_boot.axf" 
* JLink Info: Device "UNSPECIFIED" selected.
Set JLink Project File to "f:\workSpace\project\code\Y-520_main_control\Y-520_main_control_boot\MDK-ARM\JLinkSettings.ini"* JLink Info: Device "UNSPECIFIED" selected.

JLink info:
------------
DLL: V4.96d, compiled Jan 29 2015 11:45:37
Firmware: J-Link ARM V8 compiled Jan 31 2018 18:34:52
Hardware: V8.00
S/N : 20080643 
Feature(s) : RDI,FlashDL,FlashBP,JFlash,GDBFull 

* JLink Info: Found SWD-DP with ID 0x2BA01477
* JLink Info: Found Cortex-M4 r0p1, Little endian.
* JLink Info: FPUnit: 6 code (BP) slots and 2 literal slots
* JLink Info: TPIU fitted.
* JLink Info: ETM fitted.
ROMTableAddr = 0xE00FF003

Target info:
------------
Device: STM32F407VETx
VTarget = 3.338V
State of Pins: TCK: 0, TDI: 1, TDO: 1, TMS: 0, TRES: 1, TRST: 1
Hardware-Breakpoints: 6
Software-Breakpoints: 8192
Watchpoints:          4
JTAG speed: 4000 kHz

Erase Done.Programming Done.Verify OK.Application running ...
Flash Load finished at 10:13:37
